DEB [20181121-18:18:32.279] thr=1   paramiko.transport: starting thread (client mode): 0x51fd898L
DEB [20181121-18:18:32.282] thr=1   paramiko.transport: Local version/idstring: SSH-2.0-paramiko_2.4.2
DEB [20181121-18:18:32.302] thr=1   paramiko.transport: Remote version/idstring: SSH-2.0-OpenSSH_4.7p1 Debian-8ubuntu1
INF [20181121-18:18:32.302] thr=1   paramiko.transport: Connected (version 2.0, client OpenSSH_4.7p1)
DEB [20181121-18:18:32.305] thr=1   paramiko.transport: kex algos:[u'diffie-hellman-group-exchange-sha256', u'diffie-hellman-group-exchange-sha1', u'diffie-hellman-group14-sha1', u'diffie-hellman-group1-sha1'] server key:[u'ssh-rsa', u'ssh-dss'] client encrypt:[u'aes128-cbc', u'3des-cbc', u'blowfish-cbc', u'cast128-cbc', u'arcfour128', u'arcfour256', u'arcfour', u'aes192-cbc', u'aes256-cbc', u'rijndael-cbc@lysator.liu.se', u'aes128-ctr', u'aes192-ctr', u'aes256-ctr'] server encrypt:[u'aes128-cbc', u'3des-cbc', u'blowfish-cbc', u'cast128-cbc', u'arcfour128', u'arcfour256', u'arcfour', u'aes192-cbc', u'aes256-cbc', u'rijndael-cbc@lysator.liu.se', u'aes128-ctr', u'aes192-ctr', u'aes256-ctr'] client mac:[u'hmac-md5', u'hmac-sha1', u'umac-64@openssh.com', u'hmac-ripemd160', u'hmac-ripemd160@openssh.com', u'hmac-sha1-96', u'hmac-md5-96'] server mac:[u'hmac-md5', u'hmac-sha1', u'umac-64@openssh.com', u'hmac-ripemd160', u'hmac-ripemd160@openssh.com', u'hmac-sha1-96', u'hmac-md5-96'] client compress:[u'none', u'zlib@openssh.com'] server compress:[u'none', u'zlib@openssh.com'] client lang:[u''] server lang:[u''] kex follows?False
DEB [20181121-18:18:32.306] thr=1   paramiko.transport: Kex agreed: diffie-hellman-group-exchange-sha256
DEB [20181121-18:18:32.306] thr=1   paramiko.transport: HostKey agreed: ssh-rsa
DEB [20181121-18:18:32.306] thr=1   paramiko.transport: Cipher agreed: aes128-ctr
DEB [20181121-18:18:32.306] thr=1   paramiko.transport: MAC agreed: hmac-sha1
DEB [20181121-18:18:32.308] thr=1   paramiko.transport: Compression agreed: none
DEB [20181121-18:18:32.352] thr=1   paramiko.transport: Got server p (2048 bits)
DEB [20181121-18:18:33.444] thr=1   paramiko.transport: kex engine KexGexSHA256 specified hash_algo <built-in function openssl_sha256>
DEB [20181121-18:18:33.447] thr=1   paramiko.transport: Switch to new keys ...
DEB [20181121-18:18:33.473] thr=2   paramiko.transport: Adding ssh-rsa host key for 192.168.8.6: 5656240f211ddea72bae61b1243de8f3
DEB [20181121-18:18:33.515] thr=1   paramiko.transport: userauth is OK
INF [20181121-18:18:35.559] thr=1   paramiko.transport: Authentication (password) failed.
DEB [20181121-18:18:38.586] thr=3   paramiko.transport: starting thread (client mode): 0x51fd8d0L
DEB [20181121-18:18:38.588] thr=3   paramiko.transport: Local version/idstring: SSH-2.0-paramiko_2.4.2
DEB [20181121-18:18:38.595] thr=3   paramiko.transport: Remote version/idstring: SSH-2.0-OpenSSH_4.7p1 Debian-8ubuntu1
INF [20181121-18:18:38.596] thr=3   paramiko.transport: Connected (version 2.0, client OpenSSH_4.7p1)
DEB [20181121-18:18:38.598] thr=3   paramiko.transport: kex algos:[u'diffie-hellman-group-exchange-sha256', u'diffie-hellman-group-exchange-sha1', u'diffie-hellman-group14-sha1', u'diffie-hellman-group1-sha1'] server key:[u'ssh-rsa', u'ssh-dss'] client encrypt:[u'aes128-cbc', u'3des-cbc', u'blowfish-cbc', u'cast128-cbc', u'arcfour128', u'arcfour256', u'arcfour', u'aes192-cbc', u'aes256-cbc', u'rijndael-cbc@lysator.liu.se', u'aes128-ctr', u'aes192-ctr', u'aes256-ctr'] server encrypt:[u'aes128-cbc', u'3des-cbc', u'blowfish-cbc', u'cast128-cbc', u'arcfour128', u'arcfour256', u'arcfour', u'aes192-cbc', u'aes256-cbc', u'rijndael-cbc@lysator.liu.se', u'aes128-ctr', u'aes192-ctr', u'aes256-ctr'] client mac:[u'hmac-md5', u'hmac-sha1', u'umac-64@openssh.com', u'hmac-ripemd160', u'hmac-ripemd160@openssh.com', u'hmac-sha1-96', u'hmac-md5-96'] server mac:[u'hmac-md5', u'hmac-sha1', u'umac-64@openssh.com', u'hmac-ripemd160', u'hmac-ripemd160@openssh.com', u'hmac-sha1-96', u'hmac-md5-96'] client compress:[u'none', u'zlib@openssh.com'] server compress:[u'none', u'zlib@openssh.com'] client lang:[u''] server lang:[u''] kex follows?False
DEB [20181121-18:18:38.599] thr=3   paramiko.transport: Kex agreed: diffie-hellman-group-exchange-sha256
DEB [20181121-18:18:38.599] thr=3   paramiko.transport: HostKey agreed: ssh-rsa
DEB [20181121-18:18:38.601] thr=3   paramiko.transport: Cipher agreed: aes128-ctr
DEB [20181121-18:18:38.601] thr=3   paramiko.transport: MAC agreed: hmac-sha1
DEB [20181121-18:18:38.601] thr=3   paramiko.transport: Compression agreed: none
DEB [20181121-18:18:38.607] thr=3   paramiko.transport: Got server p (2048 bits)
DEB [20181121-18:18:38.756] thr=3   paramiko.transport: kex engine KexGexSHA256 specified hash_algo <built-in function openssl_sha256>
DEB [20181121-18:18:38.759] thr=3   paramiko.transport: Switch to new keys ...
DEB [20181121-18:18:38.763] thr=2   paramiko.transport: Adding ssh-rsa host key for 192.168.8.6: 5656240f211ddea72bae61b1243de8f3
DEB [20181121-18:18:38.788] thr=3   paramiko.transport: userauth is OK
INF [20181121-18:18:40.388] thr=3   paramiko.transport: Authentication (password) failed.
DEB [20181121-18:18:43.403] thr=4   paramiko.transport: starting thread (client mode): 0x51fd7f0L
DEB [20181121-18:18:43.404] thr=4   paramiko.transport: Local version/idstring: SSH-2.0-paramiko_2.4.2
DEB [20181121-18:18:43.411] thr=4   paramiko.transport: Remote version/idstring: SSH-2.0-OpenSSH_4.7p1 Debian-8ubuntu1
INF [20181121-18:18:43.411] thr=4   paramiko.transport: Connected (version 2.0, client OpenSSH_4.7p1)
DEB [20181121-18:18:43.414] thr=4   paramiko.transport: kex algos:[u'diffie-hellman-group-exchange-sha256', u'diffie-hellman-group-exchange-sha1', u'diffie-hellman-group14-sha1', u'diffie-hellman-group1-sha1'] server key:[u'ssh-rsa', u'ssh-dss'] client encrypt:[u'aes128-cbc', u'3des-cbc', u'blowfish-cbc', u'cast128-cbc', u'arcfour128', u'arcfour256', u'arcfour', u'aes192-cbc', u'aes256-cbc', u'rijndael-cbc@lysator.liu.se', u'aes128-ctr', u'aes192-ctr', u'aes256-ctr'] server encrypt:[u'aes128-cbc', u'3des-cbc', u'blowfish-cbc', u'cast128-cbc', u'arcfour128', u'arcfour256', u'arcfour', u'aes192-cbc', u'aes256-cbc', u'rijndael-cbc@lysator.liu.se', u'aes128-ctr', u'aes192-ctr', u'aes256-ctr'] client mac:[u'hmac-md5', u'hmac-sha1', u'umac-64@openssh.com', u'hmac-ripemd160', u'hmac-ripemd160@openssh.com', u'hmac-sha1-96', u'hmac-md5-96'] server mac:[u'hmac-md5', u'hmac-sha1', u'umac-64@openssh.com', u'hmac-ripemd160', u'hmac-ripemd160@openssh.com', u'hmac-sha1-96', u'hmac-md5-96'] client compress:[u'none', u'zlib@openssh.com'] server compress:[u'none', u'zlib@openssh.com'] client lang:[u''] server lang:[u''] kex follows?False
DEB [20181121-18:18:43.414] thr=4   paramiko.transport: Kex agreed: diffie-hellman-group-exchange-sha256
DEB [20181121-18:18:43.414] thr=4   paramiko.transport: HostKey agreed: ssh-rsa
DEB [20181121-18:18:43.414] thr=4   paramiko.transport: Cipher agreed: aes128-ctr
DEB [20181121-18:18:43.415] thr=4   paramiko.transport: MAC agreed: hmac-sha1
DEB [20181121-18:18:43.415] thr=4   paramiko.transport: Compression agreed: none
DEB [20181121-18:18:43.421] thr=4   paramiko.transport: Got server p (2048 bits)
DEB [20181121-18:18:43.573] thr=4   paramiko.transport: kex engine KexGexSHA256 specified hash_algo <built-in function openssl_sha256>
DEB [20181121-18:18:43.575] thr=4   paramiko.transport: Switch to new keys ...
DEB [20181121-18:18:43.579] thr=2   paramiko.transport: Adding ssh-rsa host key for 192.168.8.6: 5656240f211ddea72bae61b1243de8f3
DEB [20181121-18:18:43.608] thr=4   paramiko.transport: userauth is OK
INF [20181121-18:18:45.578] thr=4   paramiko.transport: Authentication (password) failed.
DEB [20181121-18:18:48.592] thr=5   paramiko.transport: starting thread (client mode): 0x67f2e48L
DEB [20181121-18:18:48.592] thr=5   paramiko.transport: Local version/idstring: SSH-2.0-paramiko_2.4.2
DEB [20181121-18:18:48.596] thr=5   paramiko.transport: Remote version/idstring: SSH-2.0-OpenSSH_4.7p1 Debian-8ubuntu1
INF [20181121-18:18:48.598] thr=5   paramiko.transport: Connected (version 2.0, client OpenSSH_4.7p1)
DEB [20181121-18:18:48.601] thr=5   paramiko.transport: kex algos:[u'diffie-hellman-group-exchange-sha256', u'diffie-hellman-group-exchange-sha1', u'diffie-hellman-group14-sha1', u'diffie-hellman-group1-sha1'] server key:[u'ssh-rsa', u'ssh-dss'] client encrypt:[u'aes128-cbc', u'3des-cbc', u'blowfish-cbc', u'cast128-cbc', u'arcfour128', u'arcfour256', u'arcfour', u'aes192-cbc', u'aes256-cbc', u'rijndael-cbc@lysator.liu.se', u'aes128-ctr', u'aes192-ctr', u'aes256-ctr'] server encrypt:[u'aes128-cbc', u'3des-cbc', u'blowfish-cbc', u'cast128-cbc', u'arcfour128', u'arcfour256', u'arcfour', u'aes192-cbc', u'aes256-cbc', u'rijndael-cbc@lysator.liu.se', u'aes128-ctr', u'aes192-ctr', u'aes256-ctr'] client mac:[u'hmac-md5', u'hmac-sha1', u'umac-64@openssh.com', u'hmac-ripemd160', u'hmac-ripemd160@openssh.com', u'hmac-sha1-96', u'hmac-md5-96'] server mac:[u'hmac-md5', u'hmac-sha1', u'umac-64@openssh.com', u'hmac-ripemd160', u'hmac-ripemd160@openssh.com', u'hmac-sha1-96', u'hmac-md5-96'] client compress:[u'none', u'zlib@openssh.com'] server compress:[u'none', u'zlib@openssh.com'] client lang:[u''] server lang:[u''] kex follows?False
DEB [20181121-18:18:48.601] thr=5   paramiko.transport: Kex agreed: diffie-hellman-group-exchange-sha256
DEB [20181121-18:18:48.601] thr=5   paramiko.transport: HostKey agreed: ssh-rsa
DEB [20181121-18:18:48.601] thr=5   paramiko.transport: Cipher agreed: aes128-ctr
DEB [20181121-18:18:48.601] thr=5   paramiko.transport: MAC agreed: hmac-sha1
DEB [20181121-18:18:48.602] thr=5   paramiko.transport: Compression agreed: none
DEB [20181121-18:18:48.608] thr=5   paramiko.transport: Got server p (2048 bits)
DEB [20181121-18:18:48.766] thr=5   paramiko.transport: kex engine KexGexSHA256 specified hash_algo <built-in function openssl_sha256>
DEB [20181121-18:18:48.767] thr=5   paramiko.transport: Switch to new keys ...
DEB [20181121-18:18:48.773] thr=2   paramiko.transport: Adding ssh-rsa host key for 192.168.8.6: 5656240f211ddea72bae61b1243de8f3
DEB [20181121-18:18:48.808] thr=5   paramiko.transport: userauth is OK
INF [20181121-18:18:51.128] thr=5   paramiko.transport: Authentication (password) failed.
DEB [20181121-18:18:54.150] thr=6   paramiko.transport: starting thread (client mode): 0x67f9978L
DEB [20181121-18:18:54.151] thr=6   paramiko.transport: Local version/idstring: SSH-2.0-paramiko_2.4.2
DEB [20181121-18:18:54.167] thr=6   paramiko.transport: Remote version/idstring: SSH-2.0-OpenSSH_4.7p1 Debian-8ubuntu1
INF [20181121-18:18:54.168] thr=6   paramiko.transport: Connected (version 2.0, client OpenSSH_4.7p1)
DEB [20181121-18:18:54.171] thr=6   paramiko.transport: kex algos:[u'diffie-hellman-group-exchange-sha256', u'diffie-hellman-group-exchange-sha1', u'diffie-hellman-group14-sha1', u'diffie-hellman-group1-sha1'] server key:[u'ssh-rsa', u'ssh-dss'] client encrypt:[u'aes128-cbc', u'3des-cbc', u'blowfish-cbc', u'cast128-cbc', u'arcfour128', u'arcfour256', u'arcfour', u'aes192-cbc', u'aes256-cbc', u'rijndael-cbc@lysator.liu.se', u'aes128-ctr', u'aes192-ctr', u'aes256-ctr'] server encrypt:[u'aes128-cbc', u'3des-cbc', u'blowfish-cbc', u'cast128-cbc', u'arcfour128', u'arcfour256', u'arcfour', u'aes192-cbc', u'aes256-cbc', u'rijndael-cbc@lysator.liu.se', u'aes128-ctr', u'aes192-ctr', u'aes256-ctr'] client mac:[u'hmac-md5', u'hmac-sha1', u'umac-64@openssh.com', u'hmac-ripemd160', u'hmac-ripemd160@openssh.com', u'hmac-sha1-96', u'hmac-md5-96'] server mac:[u'hmac-md5', u'hmac-sha1', u'umac-64@openssh.com', u'hmac-ripemd160', u'hmac-ripemd160@openssh.com', u'hmac-sha1-96', u'hmac-md5-96'] client compress:[u'none', u'zlib@openssh.com'] server compress:[u'none', u'zlib@openssh.com'] client lang:[u''] server lang:[u''] kex follows?False
DEB [20181121-18:18:54.171] thr=6   paramiko.transport: Kex agreed: diffie-hellman-group-exchange-sha256
DEB [20181121-18:18:54.171] thr=6   paramiko.transport: HostKey agreed: ssh-rsa
DEB [20181121-18:18:54.171] thr=6   paramiko.transport: Cipher agreed: aes128-ctr
DEB [20181121-18:18:54.171] thr=6   paramiko.transport: MAC agreed: hmac-sha1
DEB [20181121-18:18:54.171] thr=6   paramiko.transport: Compression agreed: none
DEB [20181121-18:18:54.177] thr=6   paramiko.transport: Got server p (2048 bits)
DEB [20181121-18:18:54.328] thr=6   paramiko.transport: kex engine KexGexSHA256 specified hash_algo <built-in function openssl_sha256>
DEB [20181121-18:18:54.331] thr=6   paramiko.transport: Switch to new keys ...
DEB [20181121-18:18:54.342] thr=2   paramiko.transport: Adding ssh-rsa host key for 192.168.8.6: 5656240f211ddea72bae61b1243de8f3
DEB [20181121-18:18:54.368] thr=6   paramiko.transport: userauth is OK
INF [20181121-18:18:56.380] thr=6   paramiko.transport: Authentication (password) failed.
DEB [20181121-18:18:59.385] thr=7   paramiko.transport: starting thread (client mode): 0x67f2128L
DEB [20181121-18:18:59.385] thr=7   paramiko.transport: Local version/idstring: SSH-2.0-paramiko_2.4.2
DEB [20181121-18:18:59.404] thr=7   paramiko.transport: Remote version/idstring: SSH-2.0-OpenSSH_4.7p1 Debian-8ubuntu1
INF [20181121-18:18:59.404] thr=7   paramiko.transport: Connected (version 2.0, client OpenSSH_4.7p1)
DEB [20181121-18:18:59.407] thr=7   paramiko.transport: kex algos:[u'diffie-hellman-group-exchange-sha256', u'diffie-hellman-group-exchange-sha1', u'diffie-hellman-group14-sha1', u'diffie-hellman-group1-sha1'] server key:[u'ssh-rsa', u'ssh-dss'] client encrypt:[u'aes128-cbc', u'3des-cbc', u'blowfish-cbc', u'cast128-cbc', u'arcfour128', u'arcfour256', u'arcfour', u'aes192-cbc', u'aes256-cbc', u'rijndael-cbc@lysator.liu.se', u'aes128-ctr', u'aes192-ctr', u'aes256-ctr'] server encrypt:[u'aes128-cbc', u'3des-cbc', u'blowfish-cbc', u'cast128-cbc', u'arcfour128', u'arcfour256', u'arcfour', u'aes192-cbc', u'aes256-cbc', u'rijndael-cbc@lysator.liu.se', u'aes128-ctr', u'aes192-ctr', u'aes256-ctr'] client mac:[u'hmac-md5', u'hmac-sha1', u'umac-64@openssh.com', u'hmac-ripemd160', u'hmac-ripemd160@openssh.com', u'hmac-sha1-96', u'hmac-md5-96'] server mac:[u'hmac-md5', u'hmac-sha1', u'umac-64@openssh.com', u'hmac-ripemd160', u'hmac-ripemd160@openssh.com', u'hmac-sha1-96', u'hmac-md5-96'] client compress:[u'none', u'zlib@openssh.com'] server compress:[u'none', u'zlib@openssh.com'] client lang:[u''] server lang:[u''] kex follows?False
DEB [20181121-18:18:59.407] thr=7   paramiko.transport: Kex agreed: diffie-hellman-group-exchange-sha256
DEB [20181121-18:18:59.407] thr=7   paramiko.transport: HostKey agreed: ssh-rsa
DEB [20181121-18:18:59.407] thr=7   paramiko.transport: Cipher agreed: aes128-ctr
DEB [20181121-18:18:59.408] thr=7   paramiko.transport: MAC agreed: hmac-sha1
DEB [20181121-18:18:59.408] thr=7   paramiko.transport: Compression agreed: none
DEB [20181121-18:18:59.414] thr=7   paramiko.transport: Got server p (2048 bits)
DEB [20181121-18:18:59.569] thr=7   paramiko.transport: kex engine KexGexSHA256 specified hash_algo <built-in function openssl_sha256>
DEB [20181121-18:18:59.569] thr=7   paramiko.transport: Switch to new keys ...
DEB [20181121-18:18:59.582] thr=2   paramiko.transport: Adding ssh-rsa host key for 192.168.8.6: 5656240f211ddea72bae61b1243de8f3
DEB [20181121-18:18:59.608] thr=7   paramiko.transport: userauth is OK
INF [20181121-18:19:02.448] thr=7   paramiko.transport: Authentication (password) failed.
DEB [20181121-18:19:05.460] thr=8   paramiko.transport: starting thread (client mode): 0x6800f28L
DEB [20181121-18:19:05.460] thr=8   paramiko.transport: Local version/idstring: SSH-2.0-paramiko_2.4.2
DEB [20181121-18:19:05.483] thr=8   paramiko.transport: Remote version/idstring: SSH-2.0-OpenSSH_4.7p1 Debian-8ubuntu1
INF [20181121-18:19:05.483] thr=8   paramiko.transport: Connected (version 2.0, client OpenSSH_4.7p1)
DEB [20181121-18:19:05.486] thr=8   paramiko.transport: kex algos:[u'diffie-hellman-group-exchange-sha256', u'diffie-hellman-group-exchange-sha1', u'diffie-hellman-group14-sha1', u'diffie-hellman-group1-sha1'] server key:[u'ssh-rsa', u'ssh-dss'] client encrypt:[u'aes128-cbc', u'3des-cbc', u'blowfish-cbc', u'cast128-cbc', u'arcfour128', u'arcfour256', u'arcfour', u'aes192-cbc', u'aes256-cbc', u'rijndael-cbc@lysator.liu.se', u'aes128-ctr', u'aes192-ctr', u'aes256-ctr'] server encrypt:[u'aes128-cbc', u'3des-cbc', u'blowfish-cbc', u'cast128-cbc', u'arcfour128', u'arcfour256', u'arcfour', u'aes192-cbc', u'aes256-cbc', u'rijndael-cbc@lysator.liu.se', u'aes128-ctr', u'aes192-ctr', u'aes256-ctr'] client mac:[u'hmac-md5', u'hmac-sha1', u'umac-64@openssh.com', u'hmac-ripemd160', u'hmac-ripemd160@openssh.com', u'hmac-sha1-96', u'hmac-md5-96'] server mac:[u'hmac-md5', u'hmac-sha1', u'umac-64@openssh.com', u'hmac-ripemd160', u'hmac-ripemd160@openssh.com', u'hmac-sha1-96', u'hmac-md5-96'] client compress:[u'none', u'zlib@openssh.com'] server compress:[u'none', u'zlib@openssh.com'] client lang:[u''] server lang:[u''] kex follows?False
DEB [20181121-18:19:05.486] thr=8   paramiko.transport: Kex agreed: diffie-hellman-group-exchange-sha256
DEB [20181121-18:19:05.486] thr=8   paramiko.transport: HostKey agreed: ssh-rsa
DEB [20181121-18:19:05.486] thr=8   paramiko.transport: Cipher agreed: aes128-ctr
DEB [20181121-18:19:05.486] thr=8   paramiko.transport: MAC agreed: hmac-sha1
DEB [20181121-18:19:05.486] thr=8   paramiko.transport: Compression agreed: none
DEB [20181121-18:19:05.493] thr=8   paramiko.transport: Got server p (2048 bits)
DEB [20181121-18:19:05.647] thr=8   paramiko.transport: kex engine KexGexSHA256 specified hash_algo <built-in function openssl_sha256>
DEB [20181121-18:19:05.648] thr=8   paramiko.transport: Switch to new keys ...
DEB [20181121-18:19:05.660] thr=2   paramiko.transport: Adding ssh-rsa host key for 192.168.8.6: 5656240f211ddea72bae61b1243de8f3
DEB [20181121-18:19:05.677] thr=8   paramiko.transport: userauth is OK
INF [20181121-18:19:07.638] thr=8   paramiko.transport: Authentication (password) failed.
DEB [20181121-18:19:10.664] thr=9   paramiko.transport: starting thread (client mode): 0x6800e10L
DEB [20181121-18:19:10.665] thr=9   paramiko.transport: Local version/idstring: SSH-2.0-paramiko_2.4.2
DEB [20181121-18:19:10.674] thr=9   paramiko.transport: Remote version/idstring: SSH-2.0-OpenSSH_4.7p1 Debian-8ubuntu1
INF [20181121-18:19:10.674] thr=9   paramiko.transport: Connected (version 2.0, client OpenSSH_4.7p1)
DEB [20181121-18:19:10.677] thr=9   paramiko.transport: kex algos:[u'diffie-hellman-group-exchange-sha256', u'diffie-hellman-group-exchange-sha1', u'diffie-hellman-group14-sha1', u'diffie-hellman-group1-sha1'] server key:[u'ssh-rsa', u'ssh-dss'] client encrypt:[u'aes128-cbc', u'3des-cbc', u'blowfish-cbc', u'cast128-cbc', u'arcfour128', u'arcfour256', u'arcfour', u'aes192-cbc', u'aes256-cbc', u'rijndael-cbc@lysator.liu.se', u'aes128-ctr', u'aes192-ctr', u'aes256-ctr'] server encrypt:[u'aes128-cbc', u'3des-cbc', u'blowfish-cbc', u'cast128-cbc', u'arcfour128', u'arcfour256', u'arcfour', u'aes192-cbc', u'aes256-cbc', u'rijndael-cbc@lysator.liu.se', u'aes128-ctr', u'aes192-ctr', u'aes256-ctr'] client mac:[u'hmac-md5', u'hmac-sha1', u'umac-64@openssh.com', u'hmac-ripemd160', u'hmac-ripemd160@openssh.com', u'hmac-sha1-96', u'hmac-md5-96'] server mac:[u'hmac-md5', u'hmac-sha1', u'umac-64@openssh.com', u'hmac-ripemd160', u'hmac-ripemd160@openssh.com', u'hmac-sha1-96', u'hmac-md5-96'] client compress:[u'none', u'zlib@openssh.com'] server compress:[u'none', u'zlib@openssh.com'] client lang:[u''] server lang:[u''] kex follows?False
DEB [20181121-18:19:10.677] thr=9   paramiko.transport: Kex agreed: diffie-hellman-group-exchange-sha256
DEB [20181121-18:19:10.678] thr=9   paramiko.transport: HostKey agreed: ssh-rsa
DEB [20181121-18:19:10.678] thr=9   paramiko.transport: Cipher agreed: aes128-ctr
DEB [20181121-18:19:10.680] thr=9   paramiko.transport: MAC agreed: hmac-sha1
DEB [20181121-18:19:10.680] thr=9   paramiko.transport: Compression agreed: none
DEB [20181121-18:19:10.684] thr=9   paramiko.transport: Got server p (2048 bits)
DEB [20181121-18:19:10.841] thr=9   paramiko.transport: kex engine KexGexSHA256 specified hash_algo <built-in function openssl_sha256>
DEB [20181121-18:19:10.842] thr=9   paramiko.transport: Switch to new keys ...
DEB [20181121-18:19:10.848] thr=2   paramiko.transport: Adding ssh-rsa host key for 192.168.8.6: 5656240f211ddea72bae61b1243de8f3
DEB [20181121-18:19:10.878] thr=9   paramiko.transport: userauth is OK
INF [20181121-18:19:13.532] thr=9   paramiko.transport: Authentication (password) failed.
DEB [20181121-18:19:16.555] thr=10  paramiko.transport: starting thread (client mode): 0x68008d0L
DEB [20181121-18:19:16.559] thr=10  paramiko.transport: Local version/idstring: SSH-2.0-paramiko_2.4.2
DEB [20181121-18:19:16.584] thr=10  paramiko.transport: Remote version/idstring: SSH-2.0-OpenSSH_4.7p1 Debian-8ubuntu1
INF [20181121-18:19:16.584] thr=10  paramiko.transport: Connected (version 2.0, client OpenSSH_4.7p1)
DEB [20181121-18:19:16.586] thr=10  paramiko.transport: kex algos:[u'diffie-hellman-group-exchange-sha256', u'diffie-hellman-group-exchange-sha1', u'diffie-hellman-group14-sha1', u'diffie-hellman-group1-sha1'] server key:[u'ssh-rsa', u'ssh-dss'] client encrypt:[u'aes128-cbc', u'3des-cbc', u'blowfish-cbc', u'cast128-cbc', u'arcfour128', u'arcfour256', u'arcfour', u'aes192-cbc', u'aes256-cbc', u'rijndael-cbc@lysator.liu.se', u'aes128-ctr', u'aes192-ctr', u'aes256-ctr'] server encrypt:[u'aes128-cbc', u'3des-cbc', u'blowfish-cbc', u'cast128-cbc', u'arcfour128', u'arcfour256', u'arcfour', u'aes192-cbc', u'aes256-cbc', u'rijndael-cbc@lysator.liu.se', u'aes128-ctr', u'aes192-ctr', u'aes256-ctr'] client mac:[u'hmac-md5', u'hmac-sha1', u'umac-64@openssh.com', u'hmac-ripemd160', u'hmac-ripemd160@openssh.com', u'hmac-sha1-96', u'hmac-md5-96'] server mac:[u'hmac-md5', u'hmac-sha1', u'umac-64@openssh.com', u'hmac-ripemd160', u'hmac-ripemd160@openssh.com', u'hmac-sha1-96', u'hmac-md5-96'] client compress:[u'none', u'zlib@openssh.com'] server compress:[u'none', u'zlib@openssh.com'] client lang:[u''] server lang:[u''] kex follows?False
DEB [20181121-18:19:16.588] thr=10  paramiko.transport: Kex agreed: diffie-hellman-group-exchange-sha256
DEB [20181121-18:19:16.588] thr=10  paramiko.transport: HostKey agreed: ssh-rsa
DEB [20181121-18:19:16.588] thr=10  paramiko.transport: Cipher agreed: aes128-ctr
DEB [20181121-18:19:16.588] thr=10  paramiko.transport: MAC agreed: hmac-sha1
DEB [20181121-18:19:16.588] thr=10  paramiko.transport: Compression agreed: none
DEB [20181121-18:19:16.595] thr=10  paramiko.transport: Got server p (2048 bits)
DEB [20181121-18:19:16.746] thr=10  paramiko.transport: kex engine KexGexSHA256 specified hash_algo <built-in function openssl_sha256>
DEB [20181121-18:19:16.746] thr=10  paramiko.transport: Switch to new keys ...
DEB [20181121-18:19:16.759] thr=2   paramiko.transport: Adding ssh-rsa host key for 192.168.8.6: 5656240f211ddea72bae61b1243de8f3
DEB [20181121-18:19:16.779] thr=10  paramiko.transport: userauth is OK
INF [20181121-18:19:16.888] thr=10  paramiko.transport: Authentication (password) successful!
DEB [20181121-18:19:19.898] thr=11  paramiko.transport: starting thread (client mode): 0x6810c18L
DEB [20181121-18:19:19.901] thr=11  paramiko.transport: Local version/idstring: SSH-2.0-paramiko_2.4.2
DEB [20181121-18:19:19.921] thr=11  paramiko.transport: Remote version/idstring: SSH-2.0-OpenSSH_4.7p1 Debian-8ubuntu1
INF [20181121-18:19:19.921] thr=11  paramiko.transport: Connected (version 2.0, client OpenSSH_4.7p1)
DEB [20181121-18:19:19.924] thr=11  paramiko.transport: kex algos:[u'diffie-hellman-group-exchange-sha256', u'diffie-hellman-group-exchange-sha1', u'diffie-hellman-group14-sha1', u'diffie-hellman-group1-sha1'] server key:[u'ssh-rsa', u'ssh-dss'] client encrypt:[u'aes128-cbc', u'3des-cbc', u'blowfish-cbc', u'cast128-cbc', u'arcfour128', u'arcfour256', u'arcfour', u'aes192-cbc', u'aes256-cbc', u'rijndael-cbc@lysator.liu.se', u'aes128-ctr', u'aes192-ctr', u'aes256-ctr'] server encrypt:[u'aes128-cbc', u'3des-cbc', u'blowfish-cbc', u'cast128-cbc', u'arcfour128', u'arcfour256', u'arcfour', u'aes192-cbc', u'aes256-cbc', u'rijndael-cbc@lysator.liu.se', u'aes128-ctr', u'aes192-ctr', u'aes256-ctr'] client mac:[u'hmac-md5', u'hmac-sha1', u'umac-64@openssh.com', u'hmac-ripemd160', u'hmac-ripemd160@openssh.com', u'hmac-sha1-96', u'hmac-md5-96'] server mac:[u'hmac-md5', u'hmac-sha1', u'umac-64@openssh.com', u'hmac-ripemd160', u'hmac-ripemd160@openssh.com', u'hmac-sha1-96', u'hmac-md5-96'] client compress:[u'none', u'zlib@openssh.com'] server compress:[u'none', u'zlib@openssh.com'] client lang:[u''] server lang:[u''] kex follows?False
DEB [20181121-18:19:19.924] thr=11  paramiko.transport: Kex agreed: diffie-hellman-group-exchange-sha256
DEB [20181121-18:19:19.924] thr=11  paramiko.transport: HostKey agreed: ssh-rsa
DEB [20181121-18:19:19.924] thr=11  paramiko.transport: Cipher agreed: aes128-ctr
DEB [20181121-18:19:19.926] thr=11  paramiko.transport: MAC agreed: hmac-sha1
DEB [20181121-18:19:19.926] thr=11  paramiko.transport: Compression agreed: none
DEB [20181121-18:19:19.937] thr=11  paramiko.transport: Got server p (2048 bits)
DEB [20181121-18:19:20.091] thr=11  paramiko.transport: kex engine KexGexSHA256 specified hash_algo <built-in function openssl_sha256>
DEB [20181121-18:19:20.092] thr=11  paramiko.transport: Switch to new keys ...
DEB [20181121-18:19:20.098] thr=2   paramiko.transport: Adding ssh-rsa host key for 192.168.8.6: 5656240f211ddea72bae61b1243de8f3
DEB [20181121-18:19:20.128] thr=11  paramiko.transport: userauth is OK
INF [20181121-18:19:21.749] thr=11  paramiko.transport: Authentication (password) failed.
DEB [20181121-18:19:24.773] thr=12  paramiko.transport: starting thread (client mode): 0x68189b0L
DEB [20181121-18:19:24.773] thr=12  paramiko.transport: Local version/idstring: SSH-2.0-paramiko_2.4.2
DEB [20181121-18:19:24.780] thr=12  paramiko.transport: Remote version/idstring: SSH-2.0-OpenSSH_4.7p1 Debian-8ubuntu1
INF [20181121-18:19:24.780] thr=12  paramiko.transport: Connected (version 2.0, client OpenSSH_4.7p1)
DEB [20181121-18:19:24.783] thr=12  paramiko.transport: kex algos:[u'diffie-hellman-group-exchange-sha256', u'diffie-hellman-group-exchange-sha1', u'diffie-hellman-group14-sha1', u'diffie-hellman-group1-sha1'] server key:[u'ssh-rsa', u'ssh-dss'] client encrypt:[u'aes128-cbc', u'3des-cbc', u'blowfish-cbc', u'cast128-cbc', u'arcfour128', u'arcfour256', u'arcfour', u'aes192-cbc', u'aes256-cbc', u'rijndael-cbc@lysator.liu.se', u'aes128-ctr', u'aes192-ctr', u'aes256-ctr'] server encrypt:[u'aes128-cbc', u'3des-cbc', u'blowfish-cbc', u'cast128-cbc', u'arcfour128', u'arcfour256', u'arcfour', u'aes192-cbc', u'aes256-cbc', u'rijndael-cbc@lysator.liu.se', u'aes128-ctr', u'aes192-ctr', u'aes256-ctr'] client mac:[u'hmac-md5', u'hmac-sha1', u'umac-64@openssh.com', u'hmac-ripemd160', u'hmac-ripemd160@openssh.com', u'hmac-sha1-96', u'hmac-md5-96'] server mac:[u'hmac-md5', u'hmac-sha1', u'umac-64@openssh.com', u'hmac-ripemd160', u'hmac-ripemd160@openssh.com', u'hmac-sha1-96', u'hmac-md5-96'] client compress:[u'none', u'zlib@openssh.com'] server compress:[u'none', u'zlib@openssh.com'] client lang:[u''] server lang:[u''] kex follows?False
DEB [20181121-18:19:24.783] thr=12  paramiko.transport: Kex agreed: diffie-hellman-group-exchange-sha256
DEB [20181121-18:19:24.783] thr=12  paramiko.transport: HostKey agreed: ssh-rsa
DEB [20181121-18:19:24.785] thr=12  paramiko.transport: Cipher agreed: aes128-ctr
DEB [20181121-18:19:24.785] thr=12  paramiko.transport: MAC agreed: hmac-sha1
DEB [20181121-18:19:24.785] thr=12  paramiko.transport: Compression agreed: none
DEB [20181121-18:19:24.789] thr=12  paramiko.transport: Got server p (2048 bits)
DEB [20181121-18:19:24.940] thr=12  paramiko.transport: kex engine KexGexSHA256 specified hash_algo <built-in function openssl_sha256>
DEB [20181121-18:19:24.940] thr=12  paramiko.transport: Switch to new keys ...
DEB [20181121-18:19:24.944] thr=2   paramiko.transport: Adding ssh-rsa host key for 192.168.8.6: 5656240f211ddea72bae61b1243de8f3
DEB [20181121-18:19:24.979] thr=12  paramiko.transport: userauth is OK
INF [20181121-18:19:26.571] thr=12  paramiko.transport: Authentication (password) failed.
DEB [20181121-18:19:26.648] thr=1   paramiko.transport: EOF in transport thread
DEB [20181121-18:19:26.747] thr=4   paramiko.transport: EOF in transport thread
DEB [20181121-18:19:26.848] thr=6   paramiko.transport: EOF in transport thread
DEB [20181121-18:19:26.948] thr=8   paramiko.transport: EOF in transport thread
DEB [20181121-18:19:27.048] thr=10  paramiko.transport: EOF in transport thread
DEB [20181121-18:19:27.075] thr=12  paramiko.transport: EOF in transport thread
